NO
NO
      0 : 0 aba?abacaba
0  7
  0 a 0
  1 b 1
  2 a 2
  3 ? 3
  4 a 4
  				abacabacaba
abacabacaba  0 abacaba
ent 0
abacabacaba  4 abacaba
ent 4
      1 : 1 aba?abacaba
      2 : 1 aba?abacaba
      3 : 1 aba?abacaba
NO
      0 : 0 abacaba?aba
0  7
  0 a 0
  1 b 1
  2 a 2
  3 c 3
  4 a 4
  				abacaba?aba
abacaba?aba  0 abacaba
ent 0
YES
abacabazaba
      0 : 1 asdf???f???qwer
      1 : 1 asdf???f???qwer
      2 : 1 asdf???f???qwer
      3 : 1 asdf???f???qwer
      4 : 1 asdf???f???qwer
      5 : 1 asdf???f???qwer
      6 : 1 asdf???f???qwer
      7 : 1 asdf???f???qwer
NO
      0 : 0 abacabacaba
0  7
  0 a 0
  1 b 1
  2 a 2
  3 c 3
  4 a 4
  				abacabacaba
abacabacaba  0 abacaba
ent 0
abacabacaba  4 abacaba
ent 4
      1 : 1 abacabacaba
      2 : 1 abacabacaba
      3 : 1 abacabacaba
NO
